<?xml version="1.0" encoding="UTF-8"?>
<!-- Generated by org.testng.reporters.JUnitReportReporter -->
<testsuite skipped="0" hostname="DESKTOP-IO7C0T8" name="testCases.LoginPage_Test" tests="4" failures="0" timestamp="2020-07-02T14:55:22 IST" time="97.353" errors="0">
  <testcase name="loginPage_test_01_VerifyDate" time="13.354" classname="testCases.LoginPage_Test"/>
  <system-out/>
  <testcase name="LoginPage_test04_successfulLogin" time="22.531" classname="testCases.LoginPage_Test"/>
  <system-out/>
  <testcase name="loginPage_test_02_VerifyAruba" time="41.717" classname="testCases.LoginPage_Test"/>
  <system-out/>
  <testcase name="LoginPage_test03_failedPassword" time="19.751" classname="testCases.LoginPage_Test"/>
  <system-out/>
</testsuite> <!-- testCases.LoginPage_Test -->
