<?xml version="1.0" encoding="UTF-8"?>
<!-- Generated by org.testng.reporters.JUnitReportReporter -->
<testsuite skipped="1" hostname="DESKTOP-IO7C0T8" name="testCases.Book_A_FlightPage_Test" tests="2" failures="0" timestamp="2020-07-04T20:00:17 IST" time="21.137" errors="0">
  <testcase name="verifyFlightDescription" time="21.137" classname="testCases.Book_A_FlightPage_Test"/>
  <system-out/>
  <testcase name="SelectRadioButtons" classname="testCases.Book_A_FlightPage_Test">
    <skipped/>
  </testcase> <!-- SelectRadioButtons -->
  <system-out/>
</testsuite> <!-- testCases.Book_A_FlightPage_Test -->
