<?xml version="1.0" encoding="UTF-8"?>
<!-- Generated by org.testng.reporters.JUnitReportReporter -->
<testsuite skipped="0" hostname="DESKTOP-IO7C0T8" name="testCases.SearchFlightPage_Test" tests="1" failures="0" timestamp="2020-07-03T13:49:20 IST" time="34.501" errors="0">
  <testcase name="searchFlightPage_test_02_selectServiceClass" time="34.501" classname="testCases.SearchFlightPage_Test"/>
  <system-out/>
</testsuite> <!-- testCases.SearchFlightPage_Test -->
