<?xml version="1.0" encoding="UTF-8"?>
<!-- Generated by org.testng.reporters.JUnitReportReporter -->
<testsuite skipped="0" hostname="DESKTOP-IO7C0T8" name="testCases.SearchFlightPage_Test" tests="1" failures="0" timestamp="2020-07-05T00:50:25 IST" time="45.360" errors="0">
  <testcase name="searchFlightPage_test_01_selectItinerary" time="45.360" classname="testCases.SearchFlightPage_Test"/>
  <system-out/>
</testsuite> <!-- testCases.SearchFlightPage_Test -->
