<?xml version="1.0" encoding="UTF-8"?>
<!-- Generated by org.testng.reporters.JUnitReportReporter -->
<testsuite skipped="0" hostname="DESKTOP-IO7C0T8" name="testCases.Book_A_FlightPage_Test" tests="1" failures="0" timestamp="2020-07-04T14:30:27 IST" time="37.307" errors="0">
  <testcase name="verifyFlightDescription" time="37.307" classname="testCases.Book_A_FlightPage_Test"/>
  <system-out/>
</testsuite> <!-- testCases.Book_A_FlightPage_Test -->
