<?xml version="1.0" encoding="UTF-8"?>
<!-- Generated by org.testng.reporters.JUnitReportReporter -->
<testsuite skipped="0" hostname="DESKTOP-IO7C0T8" name="testCases.SelectFlightPage_Test" tests="1" failures="0" timestamp="2020-07-02T14:55:22 IST" time="19.599" errors="0">
  <testcase name="Flight_SortCheck" time="19.599" classname="testCases.SelectFlightPage_Test"/>
  <system-out/>
</testsuite> <!-- testCases.SelectFlightPage_Test -->
