<?xml version="1.0" encoding="UTF-8"?>
<!-- Generated by org.testng.reporters.JUnitReportReporter -->
<testsuite skipped="0" hostname="DESKTOP-IO7C0T8" name="testCases.LoginPage_Test" tests="5" failures="0" timestamp="2020-07-04T14:30:27 IST" time="117.572" errors="0">
  <testcase name="LoginPage_test03_failedPassword" time="30.375" classname="testCases.LoginPage_Test"/>
  <system-out/>
  <testcase name="loginPage_test_01_VerifyDate" time="15.846" classname="testCases.LoginPage_Test"/>
  <system-out/>
  <testcase name="LoginPage_test04_successfulLogin" time="23.325" classname="testCases.LoginPage_Test"/>
  <system-out/>
  <testcase name="LoginPage_test03_failedPassword" time="32.731" classname="testCases.LoginPage_Test"/>
  <system-out/>
  <testcase name="loginPage_test_02_VerifyAruba" time="15.295" classname="testCases.LoginPage_Test"/>
  <system-out/>
</testsuite> <!-- testCases.LoginPage_Test -->
