<?xml version="1.0" encoding="UTF-8"?>
<!-- Generated by org.testng.reporters.JUnitReportReporter -->
<testsuite skipped="0" hostname="DESKTOP-IO7C0T8" name="testCases.SearchFlightPage_Test" tests="2" failures="0" timestamp="2020-07-02T14:55:22 IST" time="50.969" errors="0">
  <testcase name="searchFlightPage_test_01_selectItinerary" time="22.687" classname="testCases.SearchFlightPage_Test"/>
  <system-out/>
  <testcase name="searchFlightPage_test_02_selectServiceClass" time="28.282" classname="testCases.SearchFlightPage_Test"/>
  <system-out/>
</testsuite> <!-- testCases.SearchFlightPage_Test -->
