<?xml version="1.0" encoding="UTF-8"?>
<!-- Generated by org.testng.reporters.JUnitReportReporter -->
<testsuite skipped="0" hostname="DESKTOP-IO7C0T8" name="testCases.SearchFlightPage_Test" tests="2" failures="0" timestamp="2020-07-04T14:30:27 IST" time="70.517" errors="0">
  <testcase name="searchFlightPage_test_01_selectItinerary" time="34.228" classname="testCases.SearchFlightPage_Test"/>
  <system-out/>
  <testcase name="searchFlightPage_test_02_selectServiceClass" time="36.289" classname="testCases.SearchFlightPage_Test"/>
  <system-out/>
</testsuite> <!-- testCases.SearchFlightPage_Test -->
